#-----------------------------------------------------------
# Vivado v2018.1 (64-bit)
# SW Build 2188600 on Wed Apr  4 18:40:38 MDT 2018
# IP Build 2185939 on Wed Apr  4 20:55:05 MDT 2018
# Start of session at: Wed Jun  7 11:18:29 2023
# Process ID: 27020
# Current directory: C:/Users/hari2/Desktop/CSE/Pro.Con/Lap/Nano_processor
# Command line: vivado.exe -gui_launcher_event rodinguilauncherevent1484 C:\Users\hari2\Desktop\CSE\Pro.Con\Lap\Nano_processor\Nano_processor.xpr
# Log file: C:/Users/hari2/Desktop/CSE/Pro.Con/Lap/Nano_processor/vivado.log
# Journal file: C:/Users/hari2/Desktop/CSE/Pro.Con/Lap/Nano_processor\vivado.jou
#-----------------------------------------------------------
start_gui
open_project C:/Users/hari2/Desktop/CSE/Pro.Con/Lap/Nano_processor/Nano_processor.xpr
Scanning sources...
Finished scanning sources
INFO: [IP_Flow 19-234] Refreshing IP repositories
INFO: [IP_Flow 19-1704] No user IP repositories specified
INFO: [IP_Flow 19-2313] Loaded Vivado IP repository 'C:/Xilinx/Vivado/2018.1/data/ip'.
open_project: Time (s): cpu = 00:00:03 ; elapsed = 00:00:05 . Memory (MB): peak = 894.953 ; gain = 109.031
update_compile_order -fileset sources_1
synth_design -rtl -name rtl_1
Command: synth_design -rtl -name rtl_1
Starting synth_design
Using part: xc7a35tcpg236-1
Top: Nano_Processor
---------------------------------------------------------------------------------
Starting RTL Elaboration : Time (s): cpu = 00:00:03 ; elapsed = 00:00:06 . Memory (MB): peak = 1016.195 ; gain = 70.324
---------------------------------------------------------------------------------
INFO: [Synth 8-638] synthesizing module 'Nano_Processor' [C:/Users/hari2/Desktop/CSE/Pro.Con/Lap/Nano_processor/Nano_processor.srcs/sources_1/new/Nano_Processor.vhd:44]
INFO: [Synth 8-3491] module 'Slow_Clk' declared at 'C:/Users/hari2/Desktop/CSE/Pro.Con/Lap/Lab 5/Lab 5.srcs/sources_1/new/Slow_Clk.vhd:35' bound to instance 'Slow_Clock' of component 'Slow_Clk' [C:/Users/hari2/Desktop/CSE/Pro.Con/Lap/Nano_processor/Nano_processor.srcs/sources_1/new/Nano_Processor.vhd:143]
INFO: [Synth 8-638] synthesizing module 'Slow_Clk' [C:/Users/hari2/Desktop/CSE/Pro.Con/Lap/Lab 5/Lab 5.srcs/sources_1/new/Slow_Clk.vhd:40]
INFO: [Synth 8-256] done synthesizing module 'Slow_Clk' (1#1) [C:/Users/hari2/Desktop/CSE/Pro.Con/Lap/Lab 5/Lab 5.srcs/sources_1/new/Slow_Clk.vhd:40]
INFO: [Synth 8-3491] module 'Program_counter' declared at 'C:/Users/hari2/Desktop/CSE/Pro.Con/Lap/Nano_processor/Nano_processor.srcs/sources_1/new/Program_counter.vhd:34' bound to instance 'ProgramCounter' of component 'Program_counter' [C:/Users/hari2/Desktop/CSE/Pro.Con/Lap/Nano_processor/Nano_processor.srcs/sources_1/new/Nano_Processor.vhd:147]
INFO: [Synth 8-638] synthesizing module 'Program_counter' [C:/Users/hari2/Desktop/CSE/Pro.Con/Lap/Nano_processor/Nano_processor.srcs/sources_1/new/Program_counter.vhd:41]
INFO: [Synth 8-3491] module 'D_FF' declared at 'C:/Users/hari2/Desktop/CSE/Pro.Con/Lap/Lab 5/Lab 5.srcs/sources_1/new/D_FF.vhd:35' bound to instance 'D_FF_0' of component 'D_FF' [C:/Users/hari2/Desktop/CSE/Pro.Con/Lap/Nano_processor/Nano_processor.srcs/sources_1/new/Program_counter.vhd:50]
INFO: [Synth 8-638] synthesizing module 'D_FF' [C:/Users/hari2/Desktop/CSE/Pro.Con/Lap/Lab 5/Lab 5.srcs/sources_1/new/D_FF.vhd:44]
INFO: [Synth 8-256] done synthesizing module 'D_FF' (2#1) [C:/Users/hari2/Desktop/CSE/Pro.Con/Lap/Lab 5/Lab 5.srcs/sources_1/new/D_FF.vhd:44]
INFO: [Synth 8-3491] module 'D_FF' declared at 'C:/Users/hari2/Desktop/CSE/Pro.Con/Lap/Lab 5/Lab 5.srcs/sources_1/new/D_FF.vhd:35' bound to instance 'D_FF_1' of component 'D_FF' [C:/Users/hari2/Desktop/CSE/Pro.Con/Lap/Nano_processor/Nano_processor.srcs/sources_1/new/Program_counter.vhd:58]
INFO: [Synth 8-3491] module 'D_FF' declared at 'C:/Users/hari2/Desktop/CSE/Pro.Con/Lap/Lab 5/Lab 5.srcs/sources_1/new/D_FF.vhd:35' bound to instance 'D_FF_2' of component 'D_FF' [C:/Users/hari2/Desktop/CSE/Pro.Con/Lap/Nano_processor/Nano_processor.srcs/sources_1/new/Program_counter.vhd:66]
INFO: [Synth 8-256] done synthesizing module 'Program_counter' (3#1) [C:/Users/hari2/Desktop/CSE/Pro.Con/Lap/Nano_processor/Nano_processor.srcs/sources_1/new/Program_counter.vhd:41]
INFO: [Synth 8-3491] module 'P_ROM' declared at 'C:/Users/hari2/Desktop/CSE/Pro.Con/Lap/Nano_processor/Nano_processor.srcs/sources_1/new/P_ROM.vhd:35' bound to instance 'Programe_ROM' of component 'P_ROM' [C:/Users/hari2/Desktop/CSE/Pro.Con/Lap/Nano_processor/Nano_processor.srcs/sources_1/new/Nano_Processor.vhd:153]
INFO: [Synth 8-638] synthesizing module 'P_ROM' [C:/Users/hari2/Desktop/CSE/Pro.Con/Lap/Nano_processor/Nano_processor.srcs/sources_1/new/P_ROM.vhd:40]
INFO: [Synth 8-256] done synthesizing module 'P_ROM' (4#1) [C:/Users/hari2/Desktop/CSE/Pro.Con/Lap/Nano_processor/Nano_processor.srcs/sources_1/new/P_ROM.vhd:40]
INFO: [Synth 8-3491] module 'Ins_Decoder' declared at 'C:/Users/hari2/Desktop/CSE/Pro.Con/Lap/Nano_processor/Nano_processor.srcs/sources_1/new/Ins_Decoder.vhd:34' bound to instance 'Instruction_Decoder' of component 'Ins_Decoder' [C:/Users/hari2/Desktop/CSE/Pro.Con/Lap/Nano_processor/Nano_processor.srcs/sources_1/new/Nano_Processor.vhd:157]
INFO: [Synth 8-638] synthesizing module 'Ins_Decoder' [C:/Users/hari2/Desktop/CSE/Pro.Con/Lap/Nano_processor/Nano_processor.srcs/sources_1/new/Ins_Decoder.vhd:47]
INFO: [Synth 8-3491] module 'Decoder_2_to_4' declared at 'C:/Users/hari2/Desktop/CSE/Pro.Con/Lap/Lab 4/Lab 4.srcs/sources_1/new/Decoder_2_to_4.vhd:35' bound to instance 'Decoder_2_4_0' of component 'Decoder_2_to_4' [C:/Users/hari2/Desktop/CSE/Pro.Con/Lap/Nano_processor/Nano_processor.srcs/sources_1/new/Ins_Decoder.vhd:55]
INFO: [Synth 8-638] synthesizing module 'Decoder_2_to_4' [C:/Users/hari2/Desktop/CSE/Pro.Con/Lap/Lab 4/Lab 4.srcs/sources_1/new/Decoder_2_to_4.vhd:41]
INFO: [Synth 8-256] done synthesizing module 'Decoder_2_to_4' (5#1) [C:/Users/hari2/Desktop/CSE/Pro.Con/Lap/Lab 4/Lab 4.srcs/sources_1/new/Decoder_2_to_4.vhd:41]
INFO: [Synth 8-256] done synthesizing module 'Ins_Decoder' (6#1) [C:/Users/hari2/Desktop/CSE/Pro.Con/Lap/Nano_processor/Nano_processor.srcs/sources_1/new/Ins_Decoder.vhd:47]
INFO: [Synth 8-3491] module 'Register_Bank' declared at 'C:/Users/hari2/Desktop/CSE/Pro.Con/Lap/Nano_processor/Nano_processor.srcs/sources_1/new/Register_Bank.vhd:34' bound to instance 'RegisterBank' of component 'Register_Bank' [C:/Users/hari2/Desktop/CSE/Pro.Con/Lap/Nano_processor/Nano_processor.srcs/sources_1/new/Nano_Processor.vhd:169]
INFO: [Synth 8-638] synthesizing module 'Register_Bank' [C:/Users/hari2/Desktop/CSE/Pro.Con/Lap/Nano_processor/Nano_processor.srcs/sources_1/new/Register_Bank.vhd:49]
INFO: [Synth 8-3491] module 'Decoder_3_to_8' declared at 'C:/Users/hari2/Desktop/CSE/Pro.Con/Lap/Lab 4/Lab 4.srcs/sources_1/new/Decoder_3_to_8.vhd:35' bound to instance 'Decoder_3_to_8_0' of component 'Decoder_3_to_8' [C:/Users/hari2/Desktop/CSE/Pro.Con/Lap/Nano_processor/Nano_processor.srcs/sources_1/new/Register_Bank.vhd:65]
INFO: [Synth 8-638] synthesizing module 'Decoder_3_to_8' [C:/Users/hari2/Desktop/CSE/Pro.Con/Lap/Lab 4/Lab 4.srcs/sources_1/new/Decoder_3_to_8.vhd:41]
INFO: [Synth 8-3491] module 'Decoder_2_to_4' declared at 'C:/Users/hari2/Desktop/CSE/Pro.Con/Lap/Lab 4/Lab 4.srcs/sources_1/new/Decoder_2_to_4.vhd:35' bound to instance 'Decoder_2_to_4_0' of component 'Decoder_2_to_4' [C:/Users/hari2/Desktop/CSE/Pro.Con/Lap/Lab 4/Lab 4.srcs/sources_1/new/Decoder_3_to_8.vhd:52]
INFO: [Synth 8-3491] module 'Decoder_2_to_4' declared at 'C:/Users/hari2/Desktop/CSE/Pro.Con/Lap/Lab 4/Lab 4.srcs/sources_1/new/Decoder_2_to_4.vhd:35' bound to instance 'Decoder_2_to_4_1' of component 'Decoder_2_to_4' [C:/Users/hari2/Desktop/CSE/Pro.Con/Lap/Lab 4/Lab 4.srcs/sources_1/new/Decoder_3_to_8.vhd:57]
INFO: [Synth 8-256] done synthesizing module 'Decoder_3_to_8' (7#1) [C:/Users/hari2/Desktop/CSE/Pro.Con/Lap/Lab 4/Lab 4.srcs/sources_1/new/Decoder_3_to_8.vhd:41]
INFO: [Synth 8-3491] module 'Reg' declared at 'C:/Users/hari2/Desktop/CSE/Pro.Con/Lap/Nano_processor/Nano_processor.srcs/sources_1/new/Reg.vhd:34' bound to instance 'Reg_0' of component 'Reg' [C:/Users/hari2/Desktop/CSE/Pro.Con/Lap/Nano_processor/Nano_processor.srcs/sources_1/new/Register_Bank.vhd:71]
INFO: [Synth 8-638] synthesizing module 'Reg' [C:/Users/hari2/Desktop/CSE/Pro.Con/Lap/Nano_processor/Nano_processor.srcs/sources_1/new/Reg.vhd:42]
INFO: [Synth 8-3491] module 'D_FF' declared at 'C:/Users/hari2/Desktop/CSE/Pro.Con/Lap/Lab 5/Lab 5.srcs/sources_1/new/D_FF.vhd:35' bound to instance 'D_FF_0' of component 'D_FF' [C:/Users/hari2/Desktop/CSE/Pro.Con/Lap/Nano_processor/Nano_processor.srcs/sources_1/new/Reg.vhd:51]
INFO: [Synth 8-3491] module 'D_FF' declared at 'C:/Users/hari2/Desktop/CSE/Pro.Con/Lap/Lab 5/Lab 5.srcs/sources_1/new/D_FF.vhd:35' bound to instance 'D_FF_1' of component 'D_FF' [C:/Users/hari2/Desktop/CSE/Pro.Con/Lap/Nano_processor/Nano_processor.srcs/sources_1/new/Reg.vhd:60]
INFO: [Synth 8-3491] module 'D_FF' declared at 'C:/Users/hari2/Desktop/CSE/Pro.Con/Lap/Lab 5/Lab 5.srcs/sources_1/new/D_FF.vhd:35' bound to instance 'D_FF_2' of component 'D_FF' [C:/Users/hari2/Desktop/CSE/Pro.Con/Lap/Nano_processor/Nano_processor.srcs/sources_1/new/Reg.vhd:69]
INFO: [Synth 8-3491] module 'D_FF' declared at 'C:/Users/hari2/Desktop/CSE/Pro.Con/Lap/Lab 5/Lab 5.srcs/sources_1/new/D_FF.vhd:35' bound to instance 'D_FF_3' of component 'D_FF' [C:/Users/hari2/Desktop/CSE/Pro.Con/Lap/Nano_processor/Nano_processor.srcs/sources_1/new/Reg.vhd:78]
INFO: [Synth 8-256] done synthesizing module 'Reg' (8#1) [C:/Users/hari2/Desktop/CSE/Pro.Con/Lap/Nano_processor/Nano_processor.srcs/sources_1/new/Reg.vhd:42]
INFO: [Synth 8-3491] module 'Reg' declared at 'C:/Users/hari2/Desktop/CSE/Pro.Con/Lap/Nano_processor/Nano_processor.srcs/sources_1/new/Reg.vhd:34' bound to instance 'Reg_1' of component 'Reg' [C:/Users/hari2/Desktop/CSE/Pro.Con/Lap/Nano_processor/Nano_processor.srcs/sources_1/new/Register_Bank.vhd:79]
INFO: [Synth 8-3491] module 'Reg' declared at 'C:/Users/hari2/Desktop/CSE/Pro.Con/Lap/Nano_processor/Nano_processor.srcs/sources_1/new/Reg.vhd:34' bound to instance 'Reg_2' of component 'Reg' [C:/Users/hari2/Desktop/CSE/Pro.Con/Lap/Nano_processor/Nano_processor.srcs/sources_1/new/Register_Bank.vhd:87]
INFO: [Synth 8-3491] module 'Reg' declared at 'C:/Users/hari2/Desktop/CSE/Pro.Con/Lap/Nano_processor/Nano_processor.srcs/sources_1/new/Reg.vhd:34' bound to instance 'Reg_3' of component 'Reg' [C:/Users/hari2/Desktop/CSE/Pro.Con/Lap/Nano_processor/Nano_processor.srcs/sources_1/new/Register_Bank.vhd:95]
INFO: [Synth 8-3491] module 'Reg' declared at 'C:/Users/hari2/Desktop/CSE/Pro.Con/Lap/Nano_processor/Nano_processor.srcs/sources_1/new/Reg.vhd:34' bound to instance 'Reg_4' of component 'Reg' [C:/Users/hari2/Desktop/CSE/Pro.Con/Lap/Nano_processor/Nano_processor.srcs/sources_1/new/Register_Bank.vhd:103]
INFO: [Synth 8-3491] module 'Reg' declared at 'C:/Users/hari2/Desktop/CSE/Pro.Con/Lap/Nano_processor/Nano_processor.srcs/sources_1/new/Reg.vhd:34' bound to instance 'Reg_5' of component 'Reg' [C:/Users/hari2/Desktop/CSE/Pro.Con/Lap/Nano_processor/Nano_processor.srcs/sources_1/new/Register_Bank.vhd:111]
INFO: [Synth 8-3491] module 'Reg' declared at 'C:/Users/hari2/Desktop/CSE/Pro.Con/Lap/Nano_processor/Nano_processor.srcs/sources_1/new/Reg.vhd:34' bound to instance 'Reg_6' of component 'Reg' [C:/Users/hari2/Desktop/CSE/Pro.Con/Lap/Nano_processor/Nano_processor.srcs/sources_1/new/Register_Bank.vhd:119]
INFO: [Synth 8-3491] module 'Reg' declared at 'C:/Users/hari2/Desktop/CSE/Pro.Con/Lap/Nano_processor/Nano_processor.srcs/sources_1/new/Reg.vhd:34' bound to instance 'Reg_7' of component 'Reg' [C:/Users/hari2/Desktop/CSE/Pro.Con/Lap/Nano_processor/Nano_processor.srcs/sources_1/new/Register_Bank.vhd:127]
INFO: [Synth 8-256] done synthesizing module 'Register_Bank' (9#1) [C:/Users/hari2/Desktop/CSE/Pro.Con/Lap/Nano_processor/Nano_processor.srcs/sources_1/new/Register_Bank.vhd:49]
INFO: [Synth 8-3491] module 'Mux_2_Way_4_Bit' declared at 'C:/Users/hari2/Desktop/CSE/Pro.Con/Lap/Nano_processor/Nano_processor.srcs/sources_1/new/Mux_2_Way_4_Bit.vhd:34' bound to instance 'Mux_2_4' of component 'Mux_2_Way_4_Bit' [C:/Users/hari2/Desktop/CSE/Pro.Con/Lap/Nano_processor/Nano_processor.srcs/sources_1/new/Nano_Processor.vhd:183]
INFO: [Synth 8-638] synthesizing module 'Mux_2_Way_4_Bit' [C:/Users/hari2/Desktop/CSE/Pro.Con/Lap/Nano_processor/Nano_processor.srcs/sources_1/new/Mux_2_Way_4_Bit.vhd:41]
INFO: [Synth 8-3491] module 'Mux_2_to_1' declared at 'C:/Users/hari2/Desktop/CSE/Pro.Con/Lap/Nano_processor/Nano_processor.srcs/sources_1/new/Mux_2_to_1.vhd:34' bound to instance 'Mux_0' of component 'Mux_2_to_1' [C:/Users/hari2/Desktop/CSE/Pro.Con/Lap/Nano_processor/Nano_processor.srcs/sources_1/new/Mux_2_Way_4_Bit.vhd:49]
INFO: [Synth 8-638] synthesizing module 'Mux_2_to_1' [C:/Users/hari2/Desktop/CSE/Pro.Con/Lap/Nano_processor/Nano_processor.srcs/sources_1/new/Mux_2_to_1.vhd:41]
INFO: [Synth 8-256] done synthesizing module 'Mux_2_to_1' (10#1) [C:/Users/hari2/Desktop/CSE/Pro.Con/Lap/Nano_processor/Nano_processor.srcs/sources_1/new/Mux_2_to_1.vhd:41]
INFO: [Synth 8-3491] module 'Mux_2_to_1' declared at 'C:/Users/hari2/Desktop/CSE/Pro.Con/Lap/Nano_processor/Nano_processor.srcs/sources_1/new/Mux_2_to_1.vhd:34' bound to instance 'Mux_1' of component 'Mux_2_to_1' [C:/Users/hari2/Desktop/CSE/Pro.Con/Lap/Nano_processor/Nano_processor.srcs/sources_1/new/Mux_2_Way_4_Bit.vhd:56]
INFO: [Synth 8-3491] module 'Mux_2_to_1' declared at 'C:/Users/hari2/Desktop/CSE/Pro.Con/Lap/Nano_processor/Nano_processor.srcs/sources_1/new/Mux_2_to_1.vhd:34' bound to instance 'Mux_2' of component 'Mux_2_to_1' [C:/Users/hari2/Desktop/CSE/Pro.Con/Lap/Nano_processor/Nano_processor.srcs/sources_1/new/Mux_2_Way_4_Bit.vhd:63]
INFO: [Synth 8-3491] module 'Mux_2_to_1' declared at 'C:/Users/hari2/Desktop/CSE/Pro.Con/Lap/Nano_processor/Nano_processor.srcs/sources_1/new/Mux_2_to_1.vhd:34' bound to instance 'Mux_3' of component 'Mux_2_to_1' [C:/Users/hari2/Desktop/CSE/Pro.Con/Lap/Nano_processor/Nano_processor.srcs/sources_1/new/Mux_2_Way_4_Bit.vhd:70]
INFO: [Synth 8-256] done synthesizing module 'Mux_2_Way_4_Bit' (11#1) [C:/Users/hari2/Desktop/CSE/Pro.Con/Lap/Nano_processor/Nano_processor.srcs/sources_1/new/Mux_2_Way_4_Bit.vhd:41]
INFO: [Synth 8-3491] module 'Add_Sub_4' declared at 'C:/Users/hari2/Desktop/CSE/Pro.Con/Lap/Nano_processor/Nano_processor.srcs/sources_1/new/Add_Sub_4.vhd:34' bound to instance 'Add_Sub_4_Unit' of component 'Add_Sub_4' [C:/Users/hari2/Desktop/CSE/Pro.Con/Lap/Nano_processor/Nano_processor.srcs/sources_1/new/Nano_Processor.vhd:189]
INFO: [Synth 8-638] synthesizing module 'Add_Sub_4' [C:/Users/hari2/Desktop/CSE/Pro.Con/Lap/Nano_processor/Nano_processor.srcs/sources_1/new/Add_Sub_4.vhd:43]
INFO: [Synth 8-3491] module 'FA' declared at 'C:/Users/hari2/Desktop/CSE/Pro.Con/Lap/Lab 3/Lab3/Lab3.srcs/sources_1/new/FA.vhd:35' bound to instance 'FA_0' of component 'FA' [C:/Users/hari2/Desktop/CSE/Pro.Con/Lap/Nano_processor/Nano_processor.srcs/sources_1/new/Add_Sub_4.vhd:61]
INFO: [Synth 8-638] synthesizing module 'FA' [C:/Users/hari2/Desktop/CSE/Pro.Con/Lap/Lab 3/Lab3/Lab3.srcs/sources_1/new/FA.vhd:43]
INFO: [Synth 8-3491] module 'HA' declared at 'C:/Users/hari2/Desktop/CSE/Pro.Con/Lap/Lab 3/Lab3/Lab3.srcs/sources_1/new/HA.vhd:35' bound to instance 'HA_0' of component 'HA' [C:/Users/hari2/Desktop/CSE/Pro.Con/Lap/Lab 3/Lab3/Lab3.srcs/sources_1/new/FA.vhd:54]
INFO: [Synth 8-638] synthesizing module 'HA' [C:/Users/hari2/Desktop/CSE/Pro.Con/Lap/Lab 3/Lab3/Lab3.srcs/sources_1/new/HA.vhd:42]
INFO: [Synth 8-256] done synthesizing module 'HA' (12#1) [C:/Users/hari2/Desktop/CSE/Pro.Con/Lap/Lab 3/Lab3/Lab3.srcs/sources_1/new/HA.vhd:42]
INFO: [Synth 8-3491] module 'HA' declared at 'C:/Users/hari2/Desktop/CSE/Pro.Con/Lap/Lab 3/Lab3/Lab3.srcs/sources_1/new/HA.vhd:35' bound to instance 'HA_1' of component 'HA' [C:/Users/hari2/Desktop/CSE/Pro.Con/Lap/Lab 3/Lab3/Lab3.srcs/sources_1/new/FA.vhd:61]
INFO: [Synth 8-256] done synthesizing module 'FA' (13#1) [C:/Users/hari2/Desktop/CSE/Pro.Con/Lap/Lab 3/Lab3/Lab3.srcs/sources_1/new/FA.vhd:43]
INFO: [Synth 8-3491] module 'FA' declared at 'C:/Users/hari2/Desktop/CSE/Pro.Con/Lap/Lab 3/Lab3/Lab3.srcs/sources_1/new/FA.vhd:35' bound to instance 'FA_1' of component 'FA' [C:/Users/hari2/Desktop/CSE/Pro.Con/Lap/Nano_processor/Nano_processor.srcs/sources_1/new/Add_Sub_4.vhd:69]
INFO: [Synth 8-3491] module 'FA' declared at 'C:/Users/hari2/Desktop/CSE/Pro.Con/Lap/Lab 3/Lab3/Lab3.srcs/sources_1/new/FA.vhd:35' bound to instance 'FA_2' of component 'FA' [C:/Users/hari2/Desktop/CSE/Pro.Con/Lap/Nano_processor/Nano_processor.srcs/sources_1/new/Add_Sub_4.vhd:77]
INFO: [Synth 8-3491] module 'FA' declared at 'C:/Users/hari2/Desktop/CSE/Pro.Con/Lap/Lab 3/Lab3/Lab3.srcs/sources_1/new/FA.vhd:35' bound to instance 'FA_3' of component 'FA' [C:/Users/hari2/Desktop/CSE/Pro.Con/Lap/Nano_processor/Nano_processor.srcs/sources_1/new/Add_Sub_4.vhd:85]
INFO: [Synth 8-256] done synthesizing module 'Add_Sub_4' (14#1) [C:/Users/hari2/Desktop/CSE/Pro.Con/Lap/Nano_processor/Nano_processor.srcs/sources_1/new/Add_Sub_4.vhd:43]
INFO: [Synth 8-3491] module 'Mux_8_Way_4_Bit' declared at 'C:/Users/hari2/Desktop/CSE/Pro.Con/Lap/Nano_processor/Nano_processor.srcs/sources_1/new/Mux_8_Way_4_Bit.vhd:34' bound to instance 'Mux_8_4_0' of component 'Mux_8_Way_4_Bit' [C:/Users/hari2/Desktop/CSE/Pro.Con/Lap/Nano_processor/Nano_processor.srcs/sources_1/new/Nano_Processor.vhd:197]
INFO: [Synth 8-638] synthesizing module 'Mux_8_Way_4_Bit' [C:/Users/hari2/Desktop/CSE/Pro.Con/Lap/Nano_processor/Nano_processor.srcs/sources_1/new/Mux_8_Way_4_Bit.vhd:47]
INFO: [Synth 8-3491] module 'Mux_8_to_1' declared at 'C:/Users/hari2/Desktop/CSE/Pro.Con/Lap/Lab 4/Lab 4.srcs/sources_1/new/Mux_8_to_1.vhd:35' bound to instance 'Mux_8_1_0' of component 'Mux_8_to_1' [C:/Users/hari2/Desktop/CSE/Pro.Con/Lap/Nano_processor/Nano_processor.srcs/sources_1/new/Mux_8_Way_4_Bit.vhd:55]
INFO: [Synth 8-638] synthesizing module 'Mux_8_to_1' [C:/Users/hari2/Desktop/CSE/Pro.Con/Lap/Lab 4/Lab 4.srcs/sources_1/new/Mux_8_to_1.vhd:42]
INFO: [Synth 8-3491] module 'Decoder_3_to_8' declared at 'C:/Users/hari2/Desktop/CSE/Pro.Con/Lap/Lab 4/Lab 4.srcs/sources_1/new/Decoder_3_to_8.vhd:35' bound to instance 'Decoder_3_8' of component 'Decoder_3_to_8' [C:/Users/hari2/Desktop/CSE/Pro.Con/Lap/Lab 4/Lab 4.srcs/sources_1/new/Mux_8_to_1.vhd:53]
INFO: [Synth 8-256] done synthesizing module 'Mux_8_to_1' (15#1) [C:/Users/hari2/Desktop/CSE/Pro.Con/Lap/Lab 4/Lab 4.srcs/sources_1/new/Mux_8_to_1.vhd:42]
INFO: [Synth 8-3491] module 'Mux_8_to_1' declared at 'C:/Users/hari2/Desktop/CSE/Pro.Con/Lap/Lab 4/Lab 4.srcs/sources_1/new/Mux_8_to_1.vhd:35' bound to instance 'Mux_8_1_1' of component 'Mux_8_to_1' [C:/Users/hari2/Desktop/CSE/Pro.Con/Lap/Nano_processor/Nano_processor.srcs/sources_1/new/Mux_8_Way_4_Bit.vhd:63]
INFO: [Synth 8-3491] module 'Mux_8_to_1' declared at 'C:/Users/hari2/Desktop/CSE/Pro.Con/Lap/Lab 4/Lab 4.srcs/sources_1/new/Mux_8_to_1.vhd:35' bound to instance 'Mux_8_1_2' of component 'Mux_8_to_1' [C:/Users/hari2/Desktop/CSE/Pro.Con/Lap/Nano_processor/Nano_processor.srcs/sources_1/new/Mux_8_Way_4_Bit.vhd:72]
INFO: [Synth 8-3491] module 'Mux_8_to_1' declared at 'C:/Users/hari2/Desktop/CSE/Pro.Con/Lap/Lab 4/Lab 4.srcs/sources_1/new/Mux_8_to_1.vhd:35' bound to instance 'Mux_8_1_3' of component 'Mux_8_to_1' [C:/Users/hari2/Desktop/CSE/Pro.Con/Lap/Nano_processor/Nano_processor.srcs/sources_1/new/Mux_8_Way_4_Bit.vhd:80]
INFO: [Synth 8-256] done synthesizing module 'Mux_8_Way_4_Bit' (16#1) [C:/Users/hari2/Desktop/CSE/Pro.Con/Lap/Nano_processor/Nano_processor.srcs/sources_1/new/Mux_8_Way_4_Bit.vhd:47]
INFO: [Synth 8-3491] module 'Mux_8_Way_4_Bit' declared at 'C:/Users/hari2/Desktop/CSE/Pro.Con/Lap/Nano_processor/Nano_processor.srcs/sources_1/new/Mux_8_Way_4_Bit.vhd:34' bound to instance 'Mux_8_4_1' of component 'Mux_8_Way_4_Bit' [C:/Users/hari2/Desktop/CSE/Pro.Con/Lap/Nano_processor/Nano_processor.srcs/sources_1/new/Nano_Processor.vhd:210]
INFO: [Synth 8-3491] module 'Add_3' declared at 'C:/Users/hari2/Desktop/CSE/Pro.Con/Lap/Nano_processor/Nano_processor.srcs/sources_1/new/Add_3.vhd:34' bound to instance 'Adder_3_Bit' of component 'Add_3' [C:/Users/hari2/Desktop/CSE/Pro.Con/Lap/Nano_processor/Nano_processor.srcs/sources_1/new/Nano_Processor.vhd:222]
INFO: [Synth 8-638] synthesizing module 'Add_3' [C:/Users/hari2/Desktop/CSE/Pro.Con/Lap/Nano_processor/Nano_processor.srcs/sources_1/new/Add_3.vhd:39]
INFO: [Synth 8-3491] module 'FA' declared at 'C:/Users/hari2/Desktop/CSE/Pro.Con/Lap/Lab 3/Lab3/Lab3.srcs/sources_1/new/FA.vhd:35' bound to instance 'FA_0' of component 'FA' [C:/Users/hari2/Desktop/CSE/Pro.Con/Lap/Nano_processor/Nano_processor.srcs/sources_1/new/Add_3.vhd:50]
INFO: [Synth 8-3491] module 'FA' declared at 'C:/Users/hari2/Desktop/CSE/Pro.Con/Lap/Lab 3/Lab3/Lab3.srcs/sources_1/new/FA.vhd:35' bound to instance 'FA_1' of component 'FA' [C:/Users/hari2/Desktop/CSE/Pro.Con/Lap/Nano_processor/Nano_processor.srcs/sources_1/new/Add_3.vhd:57]
INFO: [Synth 8-3491] module 'FA' declared at 'C:/Users/hari2/Desktop/CSE/Pro.Con/Lap/Lab 3/Lab3/Lab3.srcs/sources_1/new/FA.vhd:35' bound to instance 'FA_2' of component 'FA' [C:/Users/hari2/Desktop/CSE/Pro.Con/Lap/Nano_processor/Nano_processor.srcs/sources_1/new/Add_3.vhd:64]
INFO: [Synth 8-256] done synthesizing module 'Add_3' (17#1) [C:/Users/hari2/Desktop/CSE/Pro.Con/Lap/Nano_processor/Nano_processor.srcs/sources_1/new/Add_3.vhd:39]
INFO: [Synth 8-3491] module 'Mux_2_Way_3_Bit' declared at 'C:/Users/hari2/Desktop/CSE/Pro.Con/Lap/Nano_processor/Nano_processor.srcs/sources_1/new/Mux_2_Way_3_Bit.vhd:34' bound to instance 'Mux_2_3' of component 'Mux_2_Way_3_Bit' [C:/Users/hari2/Desktop/CSE/Pro.Con/Lap/Nano_processor/Nano_processor.srcs/sources_1/new/Nano_Processor.vhd:226]
INFO: [Synth 8-638] synthesizing module 'Mux_2_Way_3_Bit' [C:/Users/hari2/Desktop/CSE/Pro.Con/Lap/Nano_processor/Nano_processor.srcs/sources_1/new/Mux_2_Way_3_Bit.vhd:41]
INFO: [Synth 8-3491] module 'Mux_2_to_1' declared at 'C:/Users/hari2/Desktop/CSE/Pro.Con/Lap/Nano_processor/Nano_processor.srcs/sources_1/new/Mux_2_to_1.vhd:34' bound to instance 'Mux_0' of component 'Mux_2_to_1' [C:/Users/hari2/Desktop/CSE/Pro.Con/Lap/Nano_processor/Nano_processor.srcs/sources_1/new/Mux_2_Way_3_Bit.vhd:49]
INFO: [Synth 8-3491] module 'Mux_2_to_1' declared at 'C:/Users/hari2/Desktop/CSE/Pro.Con/Lap/Nano_processor/Nano_processor.srcs/sources_1/new/Mux_2_to_1.vhd:34' bound to instance 'Mux_1' of component 'Mux_2_to_1' [C:/Users/hari2/Desktop/CSE/Pro.Con/Lap/Nano_processor/Nano_processor.srcs/sources_1/new/Mux_2_Way_3_Bit.vhd:56]
INFO: [Synth 8-3491] module 'Mux_2_to_1' declared at 'C:/Users/hari2/Desktop/CSE/Pro.Con/Lap/Nano_processor/Nano_processor.srcs/sources_1/new/Mux_2_to_1.vhd:34' bound to instance 'Mux_2' of component 'Mux_2_to_1' [C:/Users/hari2/Desktop/CSE/Pro.Con/Lap/Nano_processor/Nano_processor.srcs/sources_1/new/Mux_2_Way_3_Bit.vhd:63]
INFO: [Synth 8-256] done synthesizing module 'Mux_2_Way_3_Bit' (18#1) [C:/Users/hari2/Desktop/CSE/Pro.Con/Lap/Nano_processor/Nano_processor.srcs/sources_1/new/Mux_2_Way_3_Bit.vhd:41]
INFO: [Synth 8-3491] module 'LUT_16_7' declared at 'C:/Users/hari2/Desktop/CSE/Pro.Con/Lap/Nano_processor/Nano_processor.srcs/sources_1/new/LUT_16_7.vhd:33' bound to instance 'Seg_7_dis' of component 'LUT_16_7' [C:/Users/hari2/Desktop/CSE/Pro.Con/Lap/Nano_processor/Nano_processor.srcs/sources_1/new/Nano_Processor.vhd:232]
INFO: [Synth 8-638] synthesizing module 'LUT_16_7' [C:/Users/hari2/Desktop/CSE/Pro.Con/Lap/Nano_processor/Nano_processor.srcs/sources_1/new/LUT_16_7.vhd:39]
INFO: [Synth 8-226] default block is never used [C:/Users/hari2/Desktop/CSE/Pro.Con/Lap/Nano_processor/Nano_processor.srcs/sources_1/new/LUT_16_7.vhd:43]
INFO: [Synth 8-256] done synthesizing module 'LUT_16_7' (19#1) [C:/Users/hari2/Desktop/CSE/Pro.Con/Lap/Nano_processor/Nano_processor.srcs/sources_1/new/LUT_16_7.vhd:39]
INFO: [Synth 8-256] done synthesizing module 'Nano_Processor' (20#1) [C:/Users/hari2/Desktop/CSE/Pro.Con/Lap/Nano_processor/Nano_processor.srcs/sources_1/new/Nano_Processor.vhd:44]
---------------------------------------------------------------------------------
Finished RTL Elaboration : Time (s): cpu = 00:00:03 ; elapsed = 00:00:07 . Memory (MB): peak = 1071.652 ; gain = 125.781
---------------------------------------------------------------------------------

Report Check Netlist: 
+------+------------------+-------+---------+-------+------------------+
|      |Item              |Errors |Warnings |Status |Description       |
+------+------------------+-------+---------+-------+------------------+
|1     |multi_driven_nets |      0|        0|Passed |Multi driven nets |
+------+------------------+-------+---------+-------+------------------+
---------------------------------------------------------------------------------
Start Handling Custom Attributes
---------------------------------------------------------------------------------
---------------------------------------------------------------------------------
Finished Handling Custom Attributes : Time (s): cpu = 00:00:03 ; elapsed = 00:00:08 . Memory (MB): peak = 1071.652 ; gain = 125.781
---------------------------------------------------------------------------------
---------------------------------------------------------------------------------
Finished RTL Optimization Phase 1 : Time (s): cpu = 00:00:03 ; elapsed = 00:00:08 . Memory (MB): peak = 1071.652 ; gain = 125.781
---------------------------------------------------------------------------------
INFO: [Device 21-403] Loading part xc7a35tcpg236-1
INFO: [Project 1-570] Preparing netlist for logic optimization
INFO: [Opt 31-141] Inserted 4 OBUFs to IO ports without IO buffers.

Processing XDC Constraints
Initializing timing engine
Completed Processing XDC Constraints

INFO: [Opt 31-138] Pushed 0 inverter(s) to 0 load pin(s).
INFO: [Project 1-111] Unisim Transformation Summary:
No Unisim elements were transformed.

RTL Elaboration Complete:  : Time (s): cpu = 00:00:11 ; elapsed = 00:00:20 . Memory (MB): peak = 1423.277 ; gain = 477.406
98 Infos, 0 Warnings, 0 Critical Warnings and 0 Errors encountered.
synth_design completed successfully
synth_design: Time (s): cpu = 00:00:11 ; elapsed = 00:00:20 . Memory (MB): peak = 1423.277 ; gain = 477.406
exit
INFO: [Common 17-206] Exiting Vivado at Wed Jun  7 14:41:08 2023...
