#-----------------------------------------------------------
# Vivado v2018.1 (64-bit)
# SW Build 2188600 on Wed Apr  4 18:40:38 MDT 2018
# IP Build 2185939 on Wed Apr  4 20:55:05 MDT 2018
# Start of session at: Wed Jun  7 11:17:17 2023
# Process ID: 13092
# Current directory: C:/Users/hari2/Desktop/CSE/Pro.Con/Lap/Nano_processor
# Command line: vivado.exe -gui_launcher_event rodinguilauncherevent24056 C:\Users\hari2\Desktop\CSE\Pro.Con\Lap\Nano_processor\Nano_processor.xpr
# Log file: C:/Users/hari2/Desktop/CSE/Pro.Con/Lap/Nano_processor/vivado.log
# Journal file: C:/Users/hari2/Desktop/CSE/Pro.Con/Lap/Nano_processor\vivado.jou
#-----------------------------------------------------------
start_gui
open_project C:/Users/hari2/Desktop/CSE/Pro.Con/Lap/Nano_processor/Nano_processor.xpr
Scanning sources...
Finished scanning sources
INFO: [IP_Flow 19-234] Refreshing IP repositories
INFO: [IP_Flow 19-1704] No user IP repositories specified
INFO: [IP_Flow 19-2313] Loaded Vivado IP repository 'C:/Xilinx/Vivado/2018.1/data/ip'.
open_project: Time (s): cpu = 00:00:04 ; elapsed = 00:00:06 . Memory (MB): peak = 860.566 ; gain = 135.215
update_compile_order -fileset sources_1
exit
INFO: [Common 17-206] Exiting Vivado at Wed Jun  7 11:18:26 2023...
