#-----------------------------------------------------------
# Vivado v2018.1 (64-bit)
# SW Build 2188600 on Wed Apr  4 18:40:38 MDT 2018
# IP Build 2185939 on Wed Apr  4 20:55:05 MDT 2018
# Start of session at: Thu Jun  8 09:47:03 2023
# Process ID: 33588
# Current directory: C:/Users/hari2/Desktop/CSE/Pro.Con/Lap/Nano_processor
# Command line: vivado.exe -gui_launcher_event rodinguilauncherevent40224 C:\Users\hari2\Desktop\CSE\Pro.Con\Lap\Nano_processor\Nano_processor.xpr
# Log file: C:/Users/hari2/Desktop/CSE/Pro.Con/Lap/Nano_processor/vivado.log
# Journal file: C:/Users/hari2/Desktop/CSE/Pro.Con/Lap/Nano_processor\vivado.jou
#-----------------------------------------------------------
start_guioopen_project C:/Users/hari2/Desktop/CSE/Pro.Con/Lap/Nano_processor/Nano_processor.xprSScanning sources...FFinished scanning sourcesINFO: [IP_Flow 19-234] Refreshing IP repositories
INFO: [IP_Flow 19-1704] No user IP repositories specified
INFO: [IP_Flow 19-2313] Loaded Vivado IP repository 'C:/Xilinx/Vivado/2018.1/data/ip'.
open_project: Time (s): cpu = 00:00:04 ; elapsed = 00:00:11 . Memory (MB): peak = 860.188 ; gain = 118.184
update_compile_order -fileset sources_1
exit
INFO: [Common 17-206] Exiting Vivado at Thu Jun  8 09:57:29 2023...
 2023] Launched synth_1...
Run output will be captured here: C:/Users/hari2/Desktop/CSE/Pro.Con/Lap/Nano_processor/Nano_processor.runs/synth_1/runme.log
[Thu Jun  8 09:57:20 2023] Launched impl_1...
Run output will be captured here: C:/Users/hari2/Desktop/CSE/Pro.Con/Lap/Nano_processor/Nano_processor.runs/impl_1/runme.log
reset_run impl_1
launch_runs impl_1 -jobs 4
[Thu Jun  8 10:11:54 2023] Launched impl_1...
Run output will be captured here: C:/Users/hari2/Desktop/CSE/Pro.Con/Lap/Nano_processor/Nano_processor.runs/impl_1/runme.log
open_run impl_1
INFO: [Netlist 29-17] Analyzing 10 Unisim elements for replacement
INFO: [Netlist 29-28] Unisim Transformation completed in 0 CPU seconds
INFO: [Project 1-479] Netlist was created with Vivado 2018.1
INFO: [Device 21-403] Loading part xc7a35tcpg236-1
INFO: [Project 1-570] Preparing netlist for logic optimization
INFO: [Timing 38-478] Restoring timing data from binary archive.
INFO: [Timing 38-479] Binary timing data restore complete.
INFO: [Project 1-856] Restoring constraints from binary archive.
INFO: [Project 1-853] Binary constraint restore complete.
Reading XDEF placement.
Reading placer database...
Reading XDEF routing.
Read XDEF File: Time (s): cpu = 00:00:00 ; elapsed = 00:00:00.038 . Memory (MB): peak = 1719.102 ; gain = 0.000
Restored from archive | CPU: 0.000000 secs | Memory: 0.000000 MB |
Finished XDEF File Restore: Time (s): cpu = 00:00:00 ; elapsed = 00:00:00.038 . Memory (MB): peak = 1719.102 ; gain = 0.000
INFO: [Project 1-111] Unisim Transformation Summary:
No Unisim elements were transformed.

open_run: Time (s): cpu = 00:00:14 ; elapsed = 00:00:21 . Memory (MB): peak = 1830.090 ; gain = 893.152
WARNING: [Timing 38-313] There are no user specified timing constraints. Timing constraints are needed for proper timing analysis.
launch_runs impl_1 -to_step write_bitstream -jobs 4
[Thu Jun  8 10:14:57 2023] Launched impl_1...
Run output will be captured here: C:/Users/hari2/Desktop/CSE/Pro.Con/Lap/Nano_processor/Nano_processor.runs/impl_1/runme.log
open_hw
reset_run impl_1 -prev_step 
launch_runs impl_1 -to_step write_bitstream -jobs 4 -scripts_only
close_hw
