#-----------------------------------------------------------
# Vivado v2018.1 (64-bit)
# SW Build 2188600 on Wed Apr  4 18:40:38 MDT 2018
# IP Build 2185939 on Wed Apr  4 20:55:05 MDT 2018
# Start of session at: Fri Jun  9 10:33:37 2023
# Process ID: 2896
# Current directory: C:/Users/hari2/Desktop/Nano_processor
# Command line: vivado.exe -gui_launcher_event rodinguilauncherevent936 C:\Users\hari2\Desktop\Nano_processor\Nano_processor.xpr
# Log file: C:/Users/hari2/Desktop/Nano_processor/vivado.log
# Journal file: C:/Users/hari2/Desktop/Nano_processor\vivado.jou
#-----------------------------------------------------------
start_gui
open_project C:/Users/hari2/Desktop/Nano_processor/Nano_processor.xpr
CRITICAL WARNING: [Project 1-19] Could not find the file 'C:/Users/hari2/Desktop/Nano_processor/TB_Nano_behav.wcfg'.
Scanning sources...
Finished scanning sources
INFO: [IP_Flow 19-234] Refreshing IP repositories
INFO: [IP_Flow 19-1704] No user IP repositories specified
INFO: [IP_Flow 19-2313] Loaded Vivado IP repository 'C:/Xilinx/Vivado/2018.1/data/ip'.
open_project: Time (s): cpu = 00:00:06 ; elapsed = 00:00:09 . Memory (MB): peak = 901.188 ; gain = 147.840
update_compile_order -fileset sources_1
exit
INFO: [Common 17-206] Exiting Vivado at Fri Jun  9 10:35:30 2023...
t 1-312] File not found as 'C:/Users/hari2/Desktop/Lab 4/Lab 4.srcs/sources_1/new/Decoder_3_to_8.vhd'; using path 'C:/Users/hari2/Desktop/CSE/Pro.Con/Lap/Lab 4/Lab 4.srcs/sources_1/new/Decoder_3_to_8.vhd' instead.
WARNING: [Project 1-312] File not found as 'C:/Users/hari2/Desktop/Lab 3/Lab3/Lab3.srcs/sources_1/new/FA.vhd'; using path 'C:/Users/hari2/Desktop/CSE/Pro.Con/Lap/Lab 3/Lab3/Lab3.srcs/sources_1/new/FA.vhd' instead.
WARNING: [Project 1-312] File not found as 'C:/Users/hari2/Desktop/Lab 3/Lab3/Lab3.srcs/sources_1/new/HA.vhd'; using path 'C:/Users/hari2/Desktop/CSE/Pro.Con/Lap/Lab 3/Lab3/Lab3.srcs/sources_1/new/HA.vhd' instead.
WARNING: [Project 1-312] File not found as 'C:/Users/hari2/Desktop/Lab 4/Lab 4.srcs/sources_1/new/Mux_8_to_1.vhd'; using path 'C:/Users/hari2/Desktop/CSE/Pro.Con/Lap/Lab 4/Lab 4.srcs/sources_1/new/Mux_8_to_1.vhd' instead.
WARNING: [Project 1-312] File not found as 'C:/Users/hari2/Desktop/Lab 5/Lab 5.srcs/sources_1/new/Slow_Clk.vhd'; using path 'C:/Users/hari2/Desktop/CSE/Pro.Con/Lap/Lab 5/Lab 5.srcs/sources_1/new/Slow_Clk.vhd' instead.
CRITICAL WARNING: [Project 1-311] Could not find the file 'C:/Users/hari2/Desktop/Nano_processor/TB_Nano_behav.wcfg', nor could it be found using path 'C:/Users/hari2/Desktop/CSE/Pro.Con/Lap/Nano_processor/TB_Nano_behav.wcfg'.
Scanning sources...
Finished scanning sources
WARNING: [Project 1-312] File not found as 'C:/Users/hari2/Desktop/Lab 5/Lab 5.srcs/sources_1/new/D_FF.vhd'; using path 'C:/Users/hari2/Desktop/CSE/Pro.Con/Lap/Lab 5/Lab 5.srcs/sources_1/new/D_FF.vhd' instead.
WARNING: [Project 1-312] File not found as 'C:/Users/hari2/Desktop/Lab 4/Lab 4.srcs/sources_1/new/Decoder_2_to_4.vhd'; using path 'C:/Users/hari2/Desktop/CSE/Pro.Con/Lap/Lab 4/Lab 4.srcs/sources_1/new/Decoder_2_to_4.vhd' instead.
WARNING: [Project 1-312] File not found as 'C:/Users/hari2/Desktop/Lab 4/Lab 4.srcs/sources_1/new/Decoder_3_to_8.vhd'; using path 'C:/Users/hari2/Desktop/CSE/Pro.Con/Lap/Lab 4/Lab 4.srcs/sources_1/new/Decoder_3_to_8.vhd' instead.
WARNING: [Project 1-312] File not found as 'C:/Users/hari2/Desktop/Lab 3/Lab3/Lab3.srcs/sources_1/new/FA.vhd'; using path 'C:/Users/hari2/Desktop/CSE/Pro.Con/Lap/Lab 3/Lab3/Lab3.srcs/sources_1/new/FA.vhd' instead.
WARNING: [Project 1-312] File not found as 'C:/Users/hari2/Desktop/Lab 3/Lab3/Lab3.srcs/sources_1/new/HA.vhd'; using path 'C:/Users/hari2/Desktop/CSE/Pro.Con/Lap/Lab 3/Lab3/Lab3.srcs/sources_1/new/HA.vhd' instead.
WARNING: [Project 1-312] File not found as 'C:/Users/hari2/Desktop/Lab 4/Lab 4.srcs/sources_1/new/Mux_8_to_1.vhd'; using path 'C:/Users/hari2/Desktop/CSE/Pro.Con/Lap/Lab 4/Lab 4.srcs/sources_1/new/Mux_8_to_1.vhd' instead.
WARNING: [Project 1-312] File not found as 'C:/Users/hari2/Desktop/Lab 5/Lab 5.srcs/sources_1/new/Slow_Clk.vhd'; using path 'C:/Users/hari2/Desktop/CSE/Pro.Con/Lap/Lab 5/Lab 5.srcs/sources_1/new/Slow_Clk.vhd' instead.
WARNING: [Project 1-312] File not found as 'C:/Users/hari2/Desktop/Lab 5/Lab 5.srcs/sources_1/new/D_FF.vhd'; using path 'C:/Users/hari2/Desktop/CSE/Pro.Con/Lap/Lab 5/Lab 5.srcs/sources_1/new/D_FF.vhd' instead.
WARNING: [Project 1-312] File not found as 'C:/Users/hari2/Desktop/Lab 4/Lab 4.srcs/sources_1/new/Decoder_2_to_4.vhd'; using path 'C:/Users/hari2/Desktop/CSE/Pro.Con/Lap/Lab 4/Lab 4.srcs/sources_1/new/Decoder_2_to_4.vhd' instead.
WARNING: [Project 1-312] File not found as 'C:/Users/hari2/Desktop/Lab 4/Lab 4.srcs/sources_1/new/Decoder_3_to_8.vhd'; using path 'C:/Users/hari2/Desktop/CSE/Pro.Con/Lap/Lab 4/Lab 4.srcs/sources_1/new/Decoder_3_to_8.vhd' instead.
WARNING: [Project 1-312] File not found as 'C:/Users/hari2/Desktop/Lab 3/Lab3/Lab3.srcs/sources_1/new/FA.vhd'; using path 'C:/Users/hari2/Desktop/CSE/Pro.Con/Lap/Lab 3/Lab3/Lab3.srcs/sources_1/new/FA.vhd' instead.
WARNING: [Project 1-312] File not found as 'C:/Users/hari2/Desktop/Lab 3/Lab3/Lab3.srcs/sources_1/new/HA.vhd'; using path 'C:/Users/hari2/Desktop/CSE/Pro.Con/Lap/Lab 3/Lab3/Lab3.srcs/sources_1/new/HA.vhd' instead.
WARNING: [Project 1-312] File not found as 'C:/Users/hari2/Desktop/Lab 4/Lab 4.srcs/sources_1/new/Mux_8_to_1.vhd'; using path 'C:/Users/hari2/Desktop/CSE/Pro.Con/Lap/Lab 4/Lab 4.srcs/sources_1/new/Mux_8_to_1.vhd' instead.
WARNING: [Project 1-312] File not found as 'C:/Users/hari2/Desktop/Lab 5/Lab 5.srcs/sources_1/new/Slow_Clk.vhd'; using path 'C:/Users/hari2/Desktop/CSE/Pro.Con/Lap/Lab 5/Lab 5.srcs/sources_1/new/Slow_Clk.vhd' instead.
INFO: [IP_Flow 19-234] Refreshing IP repositories
INFO: [IP_Flow 19-1704] No user IP repositories specified
INFO: [IP_Flow 19-2313] Loaded Vivado IP repository 'C:/Xilinx/Vivado/2018.1/data/ip'.
open_project: Time (s): cpu = 00:00:09 ; elapsed = 00:00:11 . Memory (MB): peak = 901.039 ; gain = 149.086
update_compile_order -fileset sources_1
add_files -norecurse {C:/Users/hari2/Desktop/Nano_processor/Nano_processor.srcs/sources_1/new/Slow_Clk.vhd C:/Users/hari2/Desktop/Nano_processor/Nano_processor.srcs/sources_1/new/FA.vhd C:/Users/hari2/Desktop/Nano_processor/Nano_processor.srcs/sources_1/new/Decoder_2_to_4.vhd C:/Users/hari2/Desktop/Nano_processor/Nano_processor.srcs/sources_1/new/HA.vhd C:/Users/hari2/Desktop/Nano_processor/Nano_processor.srcs/sources_1/new/D_FF.vhd C:/Users/hari2/Desktop/Nano_processor/Nano_processor.srcs/sources_1/new/Decoder_3_to_8.vhd C:/Users/hari2/Desktop/Nano_processor/Nano_processor.srcs/sources_1/new/Mux_8_to_1.vhd}
update_compile_order -fileset sources_1
export_ip_user_files -of_objects  [get_files {{C:/Users/hari2/Desktop/CSE/Pro.Con/Lap/Lab 5/Lab 5.srcs/sources_1/new/Slow_Clk.vhd}}] -no_script -reset -force -quiet
remove_files  {{C:/Users/hari2/Desktop/CSE/Pro.Con/Lap/Lab 5/Lab 5.srcs/sources_1/new/Slow_Clk.vhd}}
update_compile_order -fileset sources_1
export_ip_user_files -of_objects  [get_files {{C:/Users/hari2/Desktop/CSE/Pro.Con/Lap/Lab 5/Lab 5.srcs/sources_1/new/D_FF.vhd}}] -no_script -reset -force -quiet
remove_files  {{C:/Users/hari2/Desktop/CSE/Pro.Con/Lap/Lab 5/Lab 5.srcs/sources_1/new/D_FF.vhd}}
update_compile_order -fileset sources_1
export_ip_user_files -of_objects  [get_files {{C:/Users/hari2/Desktop/CSE/Pro.Con/Lap/Lab 3/Lab3/Lab3.srcs/sources_1/new/HA.vhd}}] -no_script -reset -force -quiet
remove_files  {{C:/Users/hari2/Desktop/CSE/Pro.Con/Lap/Lab 3/Lab3/Lab3.srcs/sources_1/new/HA.vhd}}
update_compile_order -fileset sources_1
export_ip_user_files -of_objects  [get_files {{C:/Users/hari2/Desktop/CSE/Pro.Con/Lap/Lab 3/Lab3/Lab3.srcs/sources_1/new/FA.vhd}}] -no_script -reset -force -quiet
remove_files  {{C:/Users/hari2/Desktop/CSE/Pro.Con/Lap/Lab 3/Lab3/Lab3.srcs/sources_1/new/FA.vhd}}
update_compile_order -fileset sources_1
export_ip_user_files -of_objects  [get_files {{C:/Users/hari2/Desktop/CSE/Pro.Con/Lap/Lab 4/Lab 4.srcs/sources_1/new/Decoder_2_to_4.vhd}}] -no_script -reset -force -quiet
remove_files  {{C:/Users/hari2/Desktop/CSE/Pro.Con/Lap/Lab 4/Lab 4.srcs/sources_1/new/Decoder_2_to_4.vhd}}
update_compile_order -fileset sources_1
export_ip_user_files -of_objects  [get_files {{C:/Users/hari2/Desktop/CSE/Pro.Con/Lap/Lab 4/Lab 4.srcs/sources_1/new/Decoder_3_to_8.vhd}}] -no_script -reset -force -quiet
remove_files  {{C:/Users/hari2/Desktop/CSE/Pro.Con/Lap/Lab 4/Lab 4.srcs/sources_1/new/Decoder_3_to_8.vhd}}
update_compile_order -fileset sources_1
export_ip_user_files -of_objects  [get_files {{C:/Users/hari2/Desktop/CSE/Pro.Con/Lap/Lab 4/Lab 4.srcs/sources_1/new/Mux_8_to_1.vhd}}] -no_script -reset -force -quiet
remove_files  {{C:/Users/hari2/Desktop/CSE/Pro.Con/Lap/Lab 4/Lab 4.srcs/sources_1/new/Mux_8_to_1.vhd}}
update_compile_order -fileset sources_1
exit
INFO: [Common 17-206] Exiting Vivado at Fri Jun  9 10:39:48 2023...
